[18:35:27] [main/INFO]: Loading Minecraft 1.19.2 with Fabric Loader 0.14.9
[18:35:27] [main/INFO]: Dependencies overridden for fabric-api, cem, colormatic, debugify
[18:35:27] [main/WARN]: Warnings were found!
 - Mod 'Fabric API' (fabric-api) 0.60.0+1.19.2 recommends any version after 4.2.0-beta.6 of Fabulously Optimized, which is missing!
	 - You should install any version after 4.2.0-beta.6 of Fabulously Optimized for the optimal experience.
[18:35:27] [main/INFO]: Loading 144 mods:
	- advanced_runtime_resource_pack 0.6.2 via enhancedblockentities
	- advancementinfo 1.19.1-fabric0.58.5-1.3.1
	- animatica 0.5+1.19
	- antighost 1.19.1-fabric0.58.5-1.1.5
	- appleskin 2.4.1+mc1.19
	- architectury 6.2.43
	- betterf3 1.3.2
	- bettermounthud 1.1.4
	- borderlessmining 1.1.5+1.19
	- caffeineconfig 1.0.0+1.17 via sodium-extra
	- capes 1.4.4+1.19
	- cem 0.7.1
	- citresewn 1.1.1+1.19
	- citresewn-defaults 1.1.1+1.19 via citresewn
	- cloth-basic-math 0.6.1 via cloth-config
	- cloth-config 8.0.75
	- colormatic 3.1.2+mc.1.19
	- com_github_llamalad7_mixinextras 0.0.12 via cull-less-leaves
	- com_logisticscraft_occlusionculling 0.0.6-SNAPSHOT via entityculling
	- com_moandjiezana_toml_toml4j 0.7.2 via dynamicfps
	- completeconfig-base 2.0.0-beta.3 via cem
	- completeconfig-gui-cloth 2.0.0-beta.3 via cem
	- conditional-mixin 0.3.0 via cull-less-leaves
	- continuity 2.0.1+1.19
	- craftable_enchanted_golden_apple 1.0.3
	- crowdin-translate 1.4+1.19 via antighost
	- cull-less-leaves 1.0.5
	- debugify 2.5.0
	- dev_isxander_settxi_settxi-core 2.7.4 via zoomify
	- dev_isxander_settxi_settxi-kotlinx-serialization 2.7.4 via zoomify
	- dynamicfps 2.2.0
	- enhancedblockentities 0.7.1+1.19
	- entity_texture_features 4.0.2
	- entityculling 1.5.2-mc1.19
	- fabric-api 0.60.0+1.19.2
	- fabric-api-base 0.4.11+e62f51a390 via fabric-api
	- fabric-api-lookup-api-v1 1.6.9+9ff28f4090 via fabric-api
	- fabric-biome-api-v1 9.0.17+aeb40ebe90 via fabric-api
	- fabric-blockrenderlayer-v1 1.1.20+aeb40ebe90 via fabric-api
	- fabric-client-tags-api-v1 1.0.1+b35fea8390 via fabric-api
	- fabric-command-api-v1 1.2.11+f71b366f90 via fabric-api
	- fabric-command-api-v2 2.1.7+0c17ea9690 via fabric-api
	- fabric-commands-v0 0.2.28+df3654b390 via fabric-api
	- fabric-containers-v0 0.1.34+df3654b390 via fabric-api
	- fabric-content-registries-v0 3.2.3+aeb40ebe90 via fabric-api
	- fabric-convention-tags-v1 1.1.1+7cd20a1490 via fabric-api
	- fabric-crash-report-info-v1 0.2.5+aeb40ebe90 via fabric-api
	- fabric-data-generation-api-v1 5.1.8+a680b9b490 via fabric-api
	- fabric-dimensions-v1 2.1.30+aeb40ebe90 via fabric-api
	- fabric-entity-events-v1 1.4.18+9ff28f4090 via fabric-api
	- fabric-events-interaction-v0 0.4.28+aeb40ebe90 via fabric-api
	- fabric-events-lifecycle-v0 0.2.28+df3654b390 via fabric-api
	- fabric-game-rule-api-v1 1.0.21+aeb40ebe90 via fabric-api
	- fabric-item-api-v1 1.5.7+35a03c4390 via fabric-api
	- fabric-item-groups-v0 0.3.28+aeb40ebe90 via fabric-api
	- fabric-key-binding-api-v1 1.0.20+aeb40ebe90 via fabric-api
	- fabric-keybindings-v0 0.2.18+df3654b390 via fabric-api
	- fabric-language-kotlin 1.8.3+kotlin.1.7.10
	- fabric-lifecycle-events-v1 2.1.2+aeb40ebe90 via fabric-api
	- fabric-loot-api-v2 1.1.3+83a8659290 via fabric-api
	- fabric-loot-tables-v1 1.1.6+9e7660c690 via fabric-api
	- fabric-message-api-v1 5.0.3+176380a290 via fabric-api
	- fabric-mining-level-api-v1 2.1.14+33fbc73890 via fabric-api
	- fabric-models-v0 0.3.17+aeb40ebe90 via fabric-api
	- fabric-networking-api-v1 1.2.4+5eb68ef290 via fabric-api
	- fabric-networking-v0 0.3.21+df3654b390 via fabric-api
	- fabric-object-builder-api-v1 4.0.11+aeb40ebe90 via fabric-api
	- fabric-particles-v1 1.0.10+aeb40ebe90 via fabric-api
	- fabric-registry-sync-v0 0.9.24+aeb40ebe90 via fabric-api
	- fabric-renderer-api-v1 1.0.10+aeb40ebe90 via fabric-api
	- fabric-renderer-indigo 0.6.12+aeb40ebe90 via fabric-api
	- fabric-renderer-registries-v1 3.2.20+df3654b390 via fabric-api
	- fabric-rendering-data-attachment-v1 0.3.14+aeb40ebe90 via fabric-api
	- fabric-rendering-fluids-v1 3.0.7+aeb40ebe90 via fabric-api
	- fabric-rendering-v0 1.1.22+df3654b390 via fabric-api
	- fabric-rendering-v1 1.10.16+aeb40ebe90 via fabric-api
	- fabric-resource-conditions-api-v1 2.0.11+e62f51a390 via fabric-api
	- fabric-resource-loader-v0 0.6.1+aeb40ebe90 via fabric-api
	- fabric-screen-api-v1 1.0.26+f05effaf90 via fabric-api
	- fabric-screen-handler-api-v1 1.2.13+9ff28f4090 via fabric-api
	- fabric-textures-v0 1.0.20+aeb40ebe90 via fabric-api
	- fabric-transfer-api-v1 2.0.11+83a8659290 via fabric-api
	- fabric-transitive-access-wideners-v1 1.3.0+42d99c3290 via fabric-api
	- fabricloader 0.14.9
	- fabrishot 1.8.0
	- ferritecore 4.2.1
	- holdthatchunk 1.1.1
	- indium 1.0.8+mc1.19.2
	- inventorysorter 1.8.10-1.19
	- iris 1.2.7
	- isxander-main-menu-credits 1.1.1
	- itemmodelfix 1.0.3+1.19
	- java 17
	- kyrptconfig 1.4.14-1.19 via inventorysorter
	- lambdabettergrass 1.3.0+1.19
	- lambdynlights 2.1.2+1.19
	- languagereload 1.3.2
	- lazydfu 0.1.3
	- lightoverlay 7.0.0
	- lithium 0.8.3
	- memoryleakfix 1.19.1-0.7.0
	- midnightcontrols 1.5.0+1.19
	- midnightlib 0.5.2 via midnightcontrols
	- minecraft 1.19.2
	- mixin-conflict-helper 1.2.0
	- mixintrace 1.1.1+1.17
	- modmenu 4.0.6
	- morechathistory 1.1.1
	- nochatreports 1.19.2-v1.10.2
	- nofade 1.18-2.0.1
	- omega-config 1.2.3-1.18.1 via capes
	- optigui 1.1.1
	- org_anarres_jcpp 1.4.14 via iris
	- org_apache_commons_commons-text 1.9 via optigui
	- org_aperlambda_lambdajcommon 1.8.1 via midnightcontrols
	- org_jetbrains_kotlin_kotlin-reflect 1.7.10 via fabric-language-kotlin
	- org_jetbrains_kotlin_kotlin-stdlib 1.7.10 via fabric-language-kotlin
	- org_jetbrains_kotlin_kotlin-stdlib-jdk7 1.7.10 via fabric-language-kotlin
	- org_jetbrains_kotlin_kotlin-stdlib-jdk8 1.7.10 via fabric-language-kotlin
	- org_jetbrains_kotlinx_atomicfu-jvm 0.18.3 via fabric-language-kotlin
	- org_jetbrains_kotlinx_kotlinx-coroutines-core-jvm 1.6.4 via fabric-language-kotlin
	- org_jetbrains_kotlinx_kotlinx-coroutines-jdk8 1.6.4 via fabric-language-kotlin
	- org_jetbrains_kotlinx_kotlinx-datetime-jvm 0.4.0 via fabric-language-kotlin
	- org_jetbrains_kotlinx_kotlinx-serialization-cbor-jvm 1.4.0 via fabric-language-kotlin
	- org_jetbrains_kotlinx_kotlinx-serialization-core-jvm 1.4.0 via fabric-language-kotlin
	- org_jetbrains_kotlinx_kotlinx-serialization-json-jvm 1.4.0 via fabric-language-kotlin
	- org_joml_joml 1.10.4 via sodium
	- pride 1.1.2+1.19 via lambdynlights
	- puzzle 1.4.0-1.19
	- puzzle-base 1.4.0-1.19 via puzzle
	- puzzle-gui 1.4.0-1.19 via puzzle
	- puzzle-models 1.4.0-1.19 via puzzle
	- puzzle-splashscreen 1.4.0-1.19 via puzzle
	- quickpicktool 1.0.0
	- reeses-sodium-options 1.4.7+mc1.19.2-build.59
	- settxi-gui-cloth-config 2.7.4 via zoomify
	- smoothboot 1.19-1.7.1
	- sodium 0.4.3+build.17
	- sodium-extra 0.4.9+mc1.19.2-build.60
	- spruceui 4.0.0+1.19 via enhancedblockentities
	- starlight 1.1.1+fabric.ae22326
	- tooltipfix 1.0.5-1.19
	- yosbr 0.1.1
	- zoomify 2.4.2
[18:35:28] [main/INFO]: SpongePowered MIXIN Subsystem Version=0.8.5 Source=file:/C:/Users/Anmol/curseforge/minecraft/Install/libraries/net/fabricmc/sponge-mixin/0.11.4+mixin.0.8.5/sponge-mixin-0.11.4+mixin.0.8.5.jar Service=Knot/Fabric Env=CLIENT
[18:35:28] [main/INFO]: Compatibility level set to JAVA_16
[18:35:28] [main/INFO]: Compatibility level set to JAVA_17
[18:35:28] [main/INFO]: Preloading Debugify
[18:35:28] [main/INFO]: Done.
[18:35:28] [main/INFO]: Loaded configuration file for Lithium: 94 options available, 1 override(s) found
[18:35:28] [main/INFO]: Loaded configuration file for Sodium: 30 options available, 2 override(s) found
[18:35:28] [main/INFO]: Loaded configuration file for Sodium Extra: 25 options available, 0 override(s) found
[18:35:29] [main/WARN]: Force disabled MC-228976 because it's conflicting with: lithium
[18:35:29] [main/WARN]: Force-disabling mixin 'alloc.blockstate.StateMixin' as rule 'mixin.alloc.blockstate' (added by mods [ferritecore]) disables it and children
[18:35:29] [main/WARN]: Force-disabling mixin 'features.fast_biome_colors.MixinBackgroundRenderer' as rule 'mixin.features.fast_biome_colors' (added by mods [colormatic]) disables it and children
[18:35:29] [main/WARN]: Force-disabling mixin 'features.fast_biome_colors.MixinClientWorld' as rule 'mixin.features.fast_biome_colors' (added by mods [colormatic]) disables it and children
[18:35:29] [main/WARN]: Force-disabling mixin 'features.sky.MixinWorldRenderer' as rule 'mixin.features.sky' (added by mods [iris]) disables it and children
[18:35:29] [main/INFO]: I used the json to destroy the json
[18:35:30] [main/INFO]: Smooth Boot config initialized
[18:35:30] [main/WARN]: Configuration conflict: there is more than one oshi.properties file on the classpath
[18:35:30] [main/WARN]: Configuration conflict: there is more than one oshi.architecture.properties file on the classpath
[18:35:31] [main/INFO]: Mixing server.MixinPlayer from nochatreports.mixins.json into net.minecraft.class_1657
[18:35:34] [main/INFO]: Building unoptimized datafixer
[18:35:37] [Render thread/WARN]: Method overwrite conflict for method_22920 in sodium.mixins.json:features.buffer_builder.intrinsics.MixinBufferBuilder from mod sodium, previously written by net.coderbot.iris.mixin.vertices.block_rendering.MixinBufferBuilder_SeparateAo. Skipping method.
[18:35:37] [Render thread/INFO]: Mixing client.MixinLocalPlayer from nochatreports.mixins.json into net.minecraft.class_746
[18:35:37] [Render thread/INFO]: Mixing client.MixinChatScreen from nochatreports.mixins.json into net.minecraft.class_408
[18:35:37] [Render thread/INFO]: Renaming synthetic method lambda$onInit$1(Lcom/aizistral/nochatreports/core/ServerSafetyLevel;Lnet/minecraft/class_4185;Lnet/minecraft/class_4587;II)V to md426237$lambda$onInit$1$1 in nochatreports.mixins.json:client.MixinChatScreen from mod nochatreports
[18:35:37] [Render thread/INFO]: Renaming synthetic method lambda$onInit$0(Lnet/minecraft/class_4185;)V to md426237$lambda$onInit$0$2 in nochatreports.mixins.json:client.MixinChatScreen from mod nochatreports
[18:35:38] [Render thread/INFO]: Environment: authHost='https://authserver.mojang.com', accountsHost='https://api.mojang.com', sessionHost='https://sessionserver.mojang.com', servicesHost='https://api.minecraftservices.com', name='PROD'
[18:35:38] [Render thread/INFO]: Setting user: AlienArtificial
[18:35:38] [Render thread/INFO]: Mixing client.MixinToastComponent from nochatreports.mixins.json into net.minecraft.class_374
[18:35:38] [Render thread/INFO]: Saving config because the loaded bug fixes are different to stored json.
[18:35:38] [Render thread/INFO]: Saving Debugify
[18:35:38] [Render thread/INFO]: Enabled 8/74 bugs!
[18:35:38] [Render thread/INFO]: Successfully Debugify'd your game!
[18:35:38] [Render thread/INFO]: Mixing server.MixinServerGamePacketListenerImpl from nochatreports.mixins.json into net.minecraft.class_3244
[18:35:38] [Render thread/INFO]: [MidnightControls] Initializing MidnightControls...
[18:35:38] [Render thread/INFO]: KONNICHIWA ZA WARUDO!
[18:35:38] [Render thread/INFO]: Loading config...
[18:35:38] [Render thread/INFO]: NoFadeIn is running
[18:35:38] [Render thread/INFO]: Running main entrypoint initialize
[18:35:39] [Render thread/INFO]: AdvancementInfo initialized
[18:35:39] [Render thread/INFO]: Registering S2C receiver with id architectury:spawn_entity_packet
[18:35:39] [Render thread/INFO]: [BetterF3] Loading...
[18:35:39] [Render thread/INFO]: [BetterF3] All done!
[18:35:40] [Render thread/INFO]: Loading 62 entities from Custom Entity Models 0.7.1
[18:35:40] [Render thread/INFO]: [citresewn] Registering CIT Conditions
[18:35:40] [Render thread/INFO]: [citresewn] Registering CIT Types
[18:35:41] [Render thread/INFO]: Re-caching descriptions because json doesn't match config.
[18:35:41] [Render thread/INFO]: Saving Description Cache...
[18:35:41] [Render thread/INFO]: Cache empty. Getting descriptions and saving in a new thread.
[18:35:41] [ForkJoinPool.commonPool-worker-1/INFO]: Caching bug descriptions
[18:35:41] [Render thread/WARN]: Static binding violation: PRIVATE @Overwrite method method_23182 in sodium.mixins.json:features.item.MixinItemRenderer from mod sodium cannot reduce visibiliy of PUBLIC target method, visibility will be upgraded.
[18:35:41] [Render thread/INFO]: Loading 1.19.84
[18:35:41] [Render thread/INFO]: [Indigo] Different rendering plugin detected; not applying Indigo.
[18:35:41] [Render thread/ERROR]: Could not parse chunkUnloadDelayInTicks option
java.lang.NullPointerException: Cannot invoke "com.google.gson.JsonElement.getAsInt()" because the return value of "com.google.gson.JsonObject.get(String)" is null
	at xyz.holocons.mc.holdthatchunk.Configuration.deserialize(Configuration.java:27) ~[holdthatchunk-1.1.1+1.19.jar:?]
	at xyz.holocons.mc.holdthatchunk.Configuration.load(Configuration.java:52) ~[holdthatchunk-1.1.1+1.19.jar:?]
	at xyz.holocons.mc.holdthatchunk.HoldThatChunkMod.onInitializeClient(HoldThatChunkMod.java:16) ~[holdthatchunk-1.1.1+1.19.jar:?]
	at net.fabricmc.loader.impl.entrypoint.EntrypointUtils.invoke0(EntrypointUtils.java:47) [fabric-loader-0.14.9.jar:?]
	at net.fabricmc.loader.impl.entrypoint.EntrypointUtils.invoke(EntrypointUtils.java:35) [fabric-loader-0.14.9.jar:?]
	at net.fabricmc.loader.impl.game.minecraft.Hooks.startClient(Hooks.java:53) [fabric-loader-0.14.9.jar:?]
	at net.minecraft.class_310.<init>(class_310.java:459) [client-intermediary.jar:?]
	at net.minecraft.client.main.Main.method_44604(Main.java:205) [client-intermediary.jar:?]
	at net.minecraft.client.main.Main.main(Main.java:51) [client-intermediary.jar:?]
	at net.fabricmc.loader.impl.game.minecraft.MinecraftGameProvider.launch(MinecraftGameProvider.java:461) [fabric-loader-0.14.9.jar:?]
	at net.fabricmc.loader.impl.launch.knot.Knot.launch(Knot.java:74) [fabric-loader-0.14.9.jar:?]
	at net.fabricmc.loader.impl.launch.knot.KnotClient.main(KnotClient.java:23) [fabric-loader-0.14.9.jar:?]
[18:35:41] [Render thread/INFO]: [LambdaBetterGrass] Initializing LambdaBetterGrass...
[18:35:41] [Render thread/INFO]: [LambdaBetterGrass] Configuration loaded.
[18:35:41] [Render thread/INFO]: [LambDynLights] Initializing LambDynamicLights...
[18:35:41] [Render thread/INFO]: [LambDynLights] Configuration loaded.
[18:35:41] [Render thread/INFO]: Mixing client.MixinJoinMultiplayerScreen from nochatreports.mixins.json into net.minecraft.class_500
[18:35:41] [Render thread/INFO]: Renaming synthetic method lambda$onInit$1(Lnet/minecraft/class_4185;Lnet/minecraft/class_4587;II)V to md426237$lambda$onInit$1$0 in nochatreports.mixins.json:client.MixinJoinMultiplayerScreen from mod nochatreports
[18:35:41] [Render thread/INFO]: Renaming synthetic method lambda$onInit$0(Lnet/minecraft/class_4185;)V to md426237$lambda$onInit$0$1 in nochatreports.mixins.json:client.MixinJoinMultiplayerScreen from mod nochatreports
[18:35:41] [Render thread/INFO]: Mixing client.AccessorDisconnectedScreen from nochatreports.mixins.json into net.minecraft.class_419
[18:35:41] [Render thread/INFO]: Client initialization...
[18:35:41] [Render thread/INFO]: OptiGUI initialized.
[18:35:42] [Render thread/INFO]: Running client entrypoint initialize
[18:35:42] [Render thread/INFO]: Mixing client.MixinOptions from nochatreports.mixins.json into net.minecraft.class_315
[18:35:42] [Render thread/INFO]: Renaming synthetic method lambda$onlyShowSecureChat$1(Ljava/lang/Boolean;)V to md426237$lambda$onlyShowSecureChat$1$0 in nochatreports.mixins.json:client.MixinOptions from mod nochatreports
[18:35:42] [Render thread/INFO]: Renaming synthetic method lambda$onlyShowSecureChat$0(Lnet/minecraft/class_2561;Ljava/lang/Boolean;)Lnet/minecraft/class_2561; to md426237$lambda$onlyShowSecureChat$0$1 in nochatreports.mixins.json:client.MixinOptions from mod nochatreports
[18:35:42] [Render thread/INFO]: Backend library: LWJGL version 3.3.1 SNAPSHOT
[18:35:43] [Render thread/INFO]: Debug functionality is disabled.
[18:35:43] [Render thread/INFO]: Shaders are disabled because enableShaders is set to false in iris.properties
[18:35:43] [Render thread/INFO]: Shaders are disabled
[18:35:43] [Render thread/INFO]: ARRP register - before vanilla
[18:35:43] [Render thread/INFO]: ARRP register - after vanilla
[18:35:44] [Render thread/INFO]: Hardware information:
[18:35:44] [Render thread/INFO]: CPU: 6x Intel(R) Core(TM) i5-8600K CPU @ 3.60GHz
[18:35:44] [Render thread/INFO]: GPU: NVIDIA GeForce GTX 1070 Ti/PCIe/SSE2 (Supports OpenGL 3.2.0 NVIDIA 516.59)
[18:35:44] [Render thread/INFO]: OS: Windows 10 (10.0)
[18:35:45] [Render thread/INFO]: Mixing client.MixinProfileKeyPairManager from nochatreports.mixins.json into net.minecraft.class_7434
[18:35:45] [Render thread/INFO]: Narrator library for x64 successfully loaded
[18:35:45] [Render thread/INFO]: Mixing client.MixinChatListener from nochatreports.mixins.json into net.minecraft.class_7594
[18:35:45] [Render thread/INFO]: Reloading ResourceManager: Default, Fabric Mods (Runtime Resource Pack, AdvancementInfo, Animatica, AntiGhost, AppleSkin, BetterF3, Borderless Mining, CaffeineConfig, Capes, Custom Entity Models, CIT Resewn, CIT Resewn: Defaults, Cloth Config v8, Colormatic, completeconfig-base, conditional mixin, Continuity, Craftable Enchanted Golden Apple, Cull Less Leaves, Debugify, Dynamic FPS, Enhanced Block Entities, Entity Texture Features, EntityCulling-Fabric, Fabric API, Fabric API Base, Fabric API Lookup API (v1), Fabric Biome API (v1), Fabric BlockRenderLayer Registration (v1), Fabric Client Tags, Fabric Command API (v1), Fabric Command API (v2), Fabric Commands (v0), Fabric Containers (v0), Fabric Content Registries (v0), Fabric Convention Tags, Fabric Crash Report Info (v1), Fabric Data Generation API (v1), Fabric Dimensions API (v1), Fabric Entity Events (v1), Fabric Events Interaction (v0), Fabric Events Lifecycle (v0), Fabric Game Rule API (v1), Fabric Item API (v1), Fabric Item Groups (v0), Fabric Key Binding API (v1), Fabric Key Bindings (v0), Fabric Language Kotlin, Fabric Lifecycle Events (v1), Fabric Loot API (v2), Fabric Loot Tables (v1), Fabric Message API (v1), Fabric Mining Level API (v1), Fabric Models (v0), Fabric Networking API (v1), Fabric Networking (v0), Fabric Object Builder API (v1), Fabric Particles (v1), Fabric Registry Sync (v0), Fabric Renderer API (v1), Fabric Renderer - Indigo, Fabric Renderer Registries (v1), Fabric Rendering Data Attachment (v1), Fabric Rendering Fluids (v1), Fabric Rendering (v0), Fabric Rendering (v1), Fabric Resource Conditions API (v1), Fabric Resource Loader (v0), Fabric Screen API (v1), Fabric Screen Handler API (v1), Fabric Textures (v0), Fabric Transfer API (v1), Fabric Transitive Access Wideners (v1), Fabric Loader, Fabrishot, Hold That Chunk, Indium, Inventory Sorter, Iris, Item Model Fix, Kyrpt Config, LambdaBetterGrass, LambDynamicLights, Language Reload, LazyDFU, Light Overlay, Lithium, memory Leak Fix, MidnightControls, MidnightLib, MixinTrace, Mod Menu, MoreChatHistory, No Chat Reports, No Fade, OmegaConfig, OptiGUI, Pride Lib, Puzzle, Puzzle Base, Puzzle GUI, Puzzle Models, Puzzle Splash Screen, QuickPickTool, Reese's Sodium Options, Smooth Boot, Sodium, Sodium Extra, SpruceUI, Starlight, ToolTip Fix, YOSBR, Zoomify), lambdabettergrass/default, continuity/default, continuity/glass_pane_culling_fix, Mod Menu Helper.zip, midnightcontrols/bedrock
[18:35:45] [Render thread/INFO]: [LambdaBetterGrass] Inject generated resource packs.
[18:35:45] [Render thread/INFO]: ARRP register - before vanilla
[18:35:45] [Render thread/INFO]: ARRP register - after vanilla
[18:35:45] [Render thread/ERROR]: [citresewn] Caution! Broken paths is enabled!
[18:35:45] [Render thread/INFO]: Creating pipeline for dimension OVERWORLD
[18:35:45] [Render thread/INFO]: [MidnightControls] Configuration loaded.
[18:35:45] [Render thread/INFO]: [MidnightControls] Updating controller mappings...
[18:35:45] [Render thread/INFO]: [MemoryLeakFix] Attempting to ForceLoad All Mixins and clear cache
[18:35:46] [Render thread/INFO]: Mixing client.MixinGuiMessageTag from nochatreports.mixins.json into net.minecraft.class_7591
[18:35:46] [Render thread/INFO]: Mixing server.MixinServerboundChatPacket from nochatreports.mixins.json into net.minecraft.class_2797
[18:35:46] [Render thread/WARN]: Method overwrite conflict for getChunks in languagereload.mixins.json:ClientChunkManagerAccessor from mod languagereload, previously written by me.cominixo.betterf3.mixin.chunk.ClientChunkManagerMixin. Skipping method.
[18:35:46] [Render thread/INFO]: Mixing server.MixinServerStatus from nochatreports.mixins.json into net.minecraft.class_2926
[18:35:46] [Render thread/INFO]: Mixing client.MixinPlayerEntry from nochatreports.mixins.json into net.minecraft.class_5519
[18:35:46] [Render thread/INFO]: Renaming synthetic method lambda$onConstructed$1(Lnet/minecraft/class_4185;)V to md426237$lambda$onConstructed$1$0 in nochatreports.mixins.json:client.MixinPlayerEntry from mod nochatreports
[18:35:46] [Render thread/INFO]: Renaming synthetic method lambda$onConstructed$0(Lnet/minecraft/class_4185;)V to md426237$lambda$onConstructed$0$1 in nochatreports.mixins.json:client.MixinPlayerEntry from mod nochatreports
[18:35:46] [Render thread/INFO]: Mixing client.MixinClientTelemetryManager from nochatreports.mixins.json into net.minecraft.class_6628
[18:35:46] [Render thread/INFO]: Mixing server.MixinPlayerList from nochatreports.mixins.json into net.minecraft.class_3324
[18:35:46] [Render thread/INFO]: Mixing client.MixinClientboundHelloPacket from nochatreports.mixins.json into net.minecraft.class_2905
[18:35:46] [Render thread/WARN]: Method overwrite conflict for getProgress in languagereload.mixins.json:AdvancementWidgetAccessor from mod languagereload, previously written by de.guntram.mcmod.advancementinfo.mixin.AdvancementWidgetMixin. Skipping method.
[18:35:46] [Render thread/INFO]: Mixing client.MixinRealmsConnect from nochatreports.mixins.json into net.minecraft.class_4902
[18:35:46] [Render thread/WARN]: Method overwrite conflict for getChunks in languagereload.mixins.json:ClientChunkMapAccessor from mod languagereload, previously written by me.cominixo.betterf3.mixin.chunk.ClientChunkMapMixin. Skipping method.
[18:35:46] [Render thread/WARN]: @Redirect conflict. Skipping mixins.iris.compat.sodium.json:vertex_format.MixinFluidRenderer from mod iris->@Redirect::iris$fixSidewaysInnerFaceNormal(Lme/jellysquid/mods/sodium/client/model/IndexBufferBuilder;ILme/jellysquid/mods/sodium/client/model/quad/properties/ModelQuadWinding;Lnet/minecraft/class_1920;Lnet/minecraft/class_3610;Lnet/minecraft/class_2338;Lnet/minecraft/class_2338;Lme/jellysquid/mods/sodium/client/render/chunk/compile/buffers/ChunkModelBuilder;)V with priority 1000, already redirected by mixins.iris.compat.sodium.json:vertex_format.MixinFluidRenderer from mod iris->@Redirect::iris$fixBackwardUpFaceNormal(Lme/jellysquid/mods/sodium/client/model/IndexBufferBuilder;ILme/jellysquid/mods/sodium/client/model/quad/properties/ModelQuadWinding;Lnet/minecraft/class_1920;Lnet/minecraft/class_3610;Lnet/minecraft/class_2338;Lnet/minecraft/class_2338;Lme/jellysquid/mods/sodium/client/render/chunk/compile/buffers/ChunkModelBuilder;)V with priority 1000
[18:35:46] [Render thread/INFO]: Mixing client.MixinConnectScreen from nochatreports.mixins.json into net.minecraft.class_412
[18:35:46] [Render thread/INFO]: Mixing client.MixinChatOptionsScreen from nochatreports.mixins.json into net.minecraft.class_404
[18:35:47] [Render thread/INFO]: [MemoryLeakFix] Done ForceLoad and clearing SpongePowered cache
[18:35:49] [Render thread/WARN]: getErrorETFTexture() was called, investigate this if called too much
[18:35:49] [Render thread/INFO]: emissive suffixes loaded: {_e}
[18:35:49] [Render thread/WARN]: Missing sound for event: minecraft:item.goat_horn.play
[18:35:49] [Render thread/WARN]: Missing sound for event: minecraft:entity.goat.screaming.horn_break
[18:35:49] [Render thread/INFO]: OpenAL initialized on device OpenAL Soft on LG HDR WQHD+ (NVIDIA High Definition Audio)
[18:35:49] [Render thread/INFO]: Sound engine started
[18:35:49] [Render thread/INFO]: Created: 1024x1024x4 minecraft:textures/atlas/blocks.png-atlas
[18:35:49] [Render thread/INFO]: Created: 256x128x4 minecraft:textures/atlas/signs.png-atlas
[18:35:49] [Render thread/INFO]: Created: 512x512x4 minecraft:textures/atlas/banner_patterns.png-atlas
[18:35:49] [Render thread/INFO]: Created: 512x512x4 minecraft:textures/atlas/shield_patterns.png-atlas
[18:35:49] [Render thread/INFO]: Created: 256x256x4 minecraft:textures/atlas/chest.png-atlas
[18:35:49] [Render thread/INFO]: Created: 512x256x4 minecraft:textures/atlas/beds.png-atlas
[18:35:49] [Render thread/INFO]: Created: 512x256x4 minecraft:textures/atlas/shulker_boxes.png-atlas
[18:35:50] [Render thread/WARN]: Shader rendertype_entity_translucent_emissive could not find sampler named Sampler2 in the specified shader program.
[18:35:50] [Render thread/INFO]: Created: 256x256x0 minecraft:textures/atlas/particles.png-atlas
[18:35:50] [Render thread/INFO]: Created: 256x256x0 minecraft:textures/atlas/paintings.png-atlas
[18:35:50] [Render thread/INFO]: Created: 128x128x0 minecraft:textures/atlas/mob_effects.png-atlas
[18:35:51] [Render thread/INFO]: emissive suffixes loaded: {_e}
[18:35:55] [Render thread/INFO]: ARRP register - before vanilla
[18:35:55] [Render thread/INFO]: ARRP register - after vanilla
[18:35:56] [Render thread/INFO]: Loaded 7 recipes
[18:35:56] [Render thread/INFO]: Loaded 1180 advancements
[18:35:57] [Render thread/INFO]: emissive suffixes loaded: {_e}
[18:35:57] [Render thread/INFO]: Applied 0 biome modifications to 0 of 63 new biomes in 3.441 ms
[18:35:57] [Server thread/INFO]: Starting integrated minecraft server version 1.19.2
[18:35:57] [Server thread/INFO]: Generating keypair
[18:35:57] [Server thread/INFO]: Preparing start region for dimension minecraft:overworld
[18:36:00] [Render thread/INFO]: Preparing spawn area: 0%
[18:36:00] [Render thread/INFO]: Preparing spawn area: 0%
[18:36:00] [Render thread/INFO]: Preparing spawn area: 0%
[18:36:00] [Render thread/INFO]: Preparing spawn area: 0%
[18:36:00] [Render thread/INFO]: Preparing spawn area: 0%
[18:36:00] [Render thread/INFO]: Preparing spawn area: 0%
[18:36:00] [Render thread/INFO]: Preparing spawn area: 0%
[18:36:01] [Render thread/INFO]: Preparing spawn area: 2%
[18:36:01] [Render thread/INFO]: Preparing spawn area: 70%
[18:36:01] [Render thread/INFO]: Time elapsed: 4116 ms
[18:36:01] [Server thread/INFO]: Changing view distance to 16, from 10
[18:36:01] [Server thread/INFO]: Changing simulation distance to 6, from 0
[18:36:03] [Server thread/INFO]: AlienArtificial[local:E:3124d0ca] logged in with entity id 55 at (393.8915060106701, 68.0, -1515.0687902235238)
[18:36:03] [Server thread/INFO]: AlienArtificial joined the game
[18:36:03] [Render thread/INFO]: Started 2 worker threads
[18:36:03] [Render thread/INFO]: Loaded 351 advancements
[18:36:03] [Render thread/INFO]: Animated skins are disabled!
[18:44:44] [Render thread/INFO]: [CHAT] Respawn point set
[18:52:13] [Render thread/INFO]: [CHAT] [Debug]: Hitboxes: shown
[18:52:17] [Render thread/INFO]: [CHAT] [Debug]: Hitboxes: hidden
[18:52:19] [Render thread/INFO]: [CHAT] [Debug]: Copied location to clipboard
[18:52:21] [Render thread/INFO]: [CHAT] [Debug]: Copied client-side block data to clipboard
[18:52:32] [Server thread/INFO]: Saving and pausing game...
[18:52:32] [Server thread/INFO]: Saving chunks for level 'ServerLevel[New World]'/minecraft:overworld
[18:52:32] [Server thread/INFO]: Saving chunks for level 'ServerLevel[New World]'/minecraft:the_end
[18:52:32] [Server thread/INFO]: Saving chunks for level 'ServerLevel[New World]'/minecraft:the_nether
[18:52:51] [Server thread/INFO]: Saving and pausing game...
[18:52:51] [Server thread/INFO]: Saving chunks for level 'ServerLevel[New World]'/minecraft:overworld
[18:52:51] [Server thread/INFO]: Saving chunks for level 'ServerLevel[New World]'/minecraft:the_end
[18:52:51] [Server thread/INFO]: Saving chunks for level 'ServerLevel[New World]'/minecraft:the_nether
[18:52:52] [Render thread/INFO]: [CHAT] [Debug]: Advanced tooltips: shown
[19:04:01] [Server thread/INFO]: Saving and pausing game...
[19:04:01] [Server thread/INFO]: Saving chunks for level 'ServerLevel[New World]'/minecraft:overworld
[19:04:01] [Server thread/INFO]: Saving chunks for level 'ServerLevel[New World]'/minecraft:the_end
[19:04:01] [Server thread/INFO]: Saving chunks for level 'ServerLevel[New World]'/minecraft:the_nether
[19:04:21] [Server thread/INFO]: Saving and pausing game...
[19:04:21] [Server thread/INFO]: Saving chunks for level 'ServerLevel[New World]'/minecraft:overworld
[19:04:21] [Server thread/INFO]: Saving chunks for level 'ServerLevel[New World]'/minecraft:the_end
[19:04:21] [Server thread/INFO]: Saving chunks for level 'ServerLevel[New World]'/minecraft:the_nether
[19:04:28] [Server thread/INFO]: Saving and pausing game...
[19:04:28] [Server thread/INFO]: Saving chunks for level 'ServerLevel[New World]'/minecraft:overworld
[19:04:28] [Server thread/INFO]: Saving chunks for level 'ServerLevel[New World]'/minecraft:the_end
[19:04:28] [Server thread/INFO]: Saving chunks for level 'ServerLevel[New World]'/minecraft:the_nether
[19:04:40] [Render thread/INFO]: Stopping worker threads
[19:04:40] [Render thread/INFO]: Started 2 worker threads
[19:04:40] [Render thread/INFO]: Flushed changes to Minecraft configuration
[19:04:43] [Server thread/INFO]: Changing simulation distance to 16, from 6
[19:13:47] [Render thread/WARN]: Unable to play empty soundEvent: minecraft:entity.salmon.ambient
[19:15:34] [Server thread/INFO]: Saving and pausing game...
[19:15:34] [Server thread/INFO]: Saving chunks for level 'ServerLevel[New World]'/minecraft:overworld
[19:15:34] [Server thread/INFO]: Saving chunks for level 'ServerLevel[New World]'/minecraft:the_end
[19:15:34] [Server thread/INFO]: Saving chunks for level 'ServerLevel[New World]'/minecraft:the_nether
[19:15:35] [Server thread/INFO]: Saving and pausing game...
[19:15:35] [Server thread/INFO]: Saving chunks for level 'ServerLevel[New World]'/minecraft:overworld
[19:15:35] [Server thread/INFO]: Saving chunks for level 'ServerLevel[New World]'/minecraft:the_end
[19:15:35] [Server thread/INFO]: Saving chunks for level 'ServerLevel[New World]'/minecraft:the_nether
[19:15:36] [Server thread/INFO]: Saving and pausing game...
[19:15:36] [Server thread/INFO]: Saving chunks for level 'ServerLevel[New World]'/minecraft:overworld
[19:15:36] [Server thread/INFO]: Saving chunks for level 'ServerLevel[New World]'/minecraft:the_end
[19:15:36] [Server thread/INFO]: Saving chunks for level 'ServerLevel[New World]'/minecraft:the_nether
[19:16:24] [Server thread/INFO]: Saving and pausing game...
[19:16:24] [Server thread/INFO]: Saving chunks for level 'ServerLevel[New World]'/minecraft:overworld
[19:16:24] [Server thread/INFO]: Saving chunks for level 'ServerLevel[New World]'/minecraft:the_end
[19:16:24] [Server thread/INFO]: Saving chunks for level 'ServerLevel[New World]'/minecraft:the_nether
[19:16:29] [Server thread/INFO]: Saving and pausing game...
[19:16:29] [Server thread/INFO]: Saving chunks for level 'ServerLevel[New World]'/minecraft:overworld
[19:16:29] [Server thread/INFO]: Saving chunks for level 'ServerLevel[New World]'/minecraft:the_end
[19:16:29] [Server thread/INFO]: Saving chunks for level 'ServerLevel[New World]'/minecraft:the_nether
[19:16:31] [Server thread/INFO]: Saving and pausing game...
[19:16:31] [Server thread/INFO]: Saving chunks for level 'ServerLevel[New World]'/minecraft:overworld
[19:16:31] [Server thread/INFO]: Saving chunks for level 'ServerLevel[New World]'/minecraft:the_end
[19:16:31] [Server thread/INFO]: Saving chunks for level 'ServerLevel[New World]'/minecraft:the_nether
[19:16:32] [Server thread/INFO]: Saving and pausing game...
[19:16:32] [Server thread/INFO]: Saving chunks for level 'ServerLevel[New World]'/minecraft:overworld
[19:16:32] [Server thread/INFO]: Saving chunks for level 'ServerLevel[New World]'/minecraft:the_end
[19:16:32] [Server thread/INFO]: Saving chunks for level 'ServerLevel[New World]'/minecraft:the_nether
[19:18:19] [Render thread/INFO]: [CHAT] Respawn point set
[19:19:02] [Server thread/INFO]: Saving and pausing game...
[19:19:02] [Server thread/INFO]: Saving chunks for level 'ServerLevel[New World]'/minecraft:overworld
[19:19:02] [Server thread/INFO]: Saving chunks for level 'ServerLevel[New World]'/minecraft:the_end
[19:19:02] [Server thread/INFO]: Saving chunks for level 'ServerLevel[New World]'/minecraft:the_nether
[19:19:38] [Render thread/INFO]: Audio device was lost!
[19:19:38] [Render thread/WARN]: Missing sound for event: minecraft:item.goat_horn.play
[19:19:38] [Render thread/WARN]: Missing sound for event: minecraft:entity.goat.screaming.horn_break
[19:19:38] [Render thread/INFO]: OpenAL initialized on device OpenAL Soft on Earpods (High Definition Audio Device)
[19:19:38] [Render thread/INFO]: Sound engine started
[19:19:39] [IO-Worker-50/INFO]: System default audio device has changed!
[19:19:39] [Render thread/WARN]: Missing sound for event: minecraft:item.goat_horn.play
[19:19:39] [Render thread/WARN]: Missing sound for event: minecraft:entity.goat.screaming.horn_break
[19:19:39] [Render thread/INFO]: OpenAL initialized on device OpenAL Soft on Earpods (High Definition Audio Device)
[19:19:39] [Render thread/INFO]: Sound engine started
[22:27:39] [IO-Worker-50/INFO]: System default audio device has changed!
[22:27:39] [Render thread/WARN]: Missing sound for event: minecraft:item.goat_horn.play
[22:27:39] [Render thread/WARN]: Missing sound for event: minecraft:entity.goat.screaming.horn_break
[22:27:39] [Render thread/INFO]: OpenAL initialized on device OpenAL Soft on LG HDR WQHD+ (NVIDIA High Definition Audio)
[22:27:39] [Render thread/INFO]: Sound engine started
[22:28:57] [Server thread/INFO]: Saving and pausing game...
[22:28:57] [Server thread/INFO]: Saving chunks for level 'ServerLevel[New World]'/minecraft:overworld
[22:28:57] [Server thread/INFO]: Saving chunks for level 'ServerLevel[New World]'/minecraft:the_end
[22:28:57] [Server thread/INFO]: Saving chunks for level 'ServerLevel[New World]'/minecraft:the_nether
[22:29:02] [Server thread/INFO]: AlienArtificial lost connection: Disconnected
[22:29:02] [Server thread/INFO]: AlienArtificial left the game
[22:29:02] [Server thread/INFO]: Stopping singleplayer server as player logged out
[22:29:02] [Server thread/INFO]: Stopping server
[22:29:02] [Server thread/INFO]: Saving players
[22:29:02] [Server thread/INFO]: Saving worlds
[22:29:02] [Server thread/INFO]: Saving chunks for level 'ServerLevel[New World]'/minecraft:overworld
[22:29:02] [Server thread/INFO]: Saving chunks for level 'ServerLevel[New World]'/minecraft:the_end
[22:29:02] [Server thread/INFO]: Saving chunks for level 'ServerLevel[New World]'/minecraft:the_nether
[22:29:02] [Server thread/INFO]: ThreadedAnvilChunkStorage (New World (1)): All chunks are saved
[22:29:02] [Server thread/INFO]: ThreadedAnvilChunkStorage (DIM1): All chunks are saved
[22:29:02] [Server thread/INFO]: ThreadedAnvilChunkStorage (DIM-1): All chunks are saved
[22:29:02] [Server thread/INFO]: ThreadedAnvilChunkStorage: All dimensions are saved
[22:29:02] [Render thread/INFO]: Stopping worker threads
[22:29:02] [Render thread/INFO]: emissive suffixes loaded: {_e}
[22:29:03] [Render thread/INFO]: Stopping!
[22:29:03] [Render thread/INFO]: emissive suffixes loaded: {_e}
